Flow report for ee109_media_computer
Tue Jun 07 15:37:51 2016
Quartus II 32-bit Version 13.0.1 Build 232 06/12/2013 Service Pack 1 SJ Web Edition


---------------------
; Table of Contents ;
---------------------
  1. Legal Notice
  2. Flow Summary
  3. Flow Settings
  4. Flow Non-Default Global Settings
  5. Flow Elapsed Time
  6. Flow OS Summary
  7. Flow Log
  8. Flow Messages
  9. Flow Suppressed Messages



----------------
; Legal Notice ;
----------------
Copyright (C) 1991-2013 Altera Corporation
Your use of Altera Corporation's design tools, logic functions 
and other software and tools, and its AMPP partner logic 
functions, and any output files from any of the foregoing 
(including device programming or simulation files), and any 
associated documentation or information are expressly subject 
to the terms and conditions of the Altera Program License 
Subscription Agreement, Altera MegaCore Function License 
Agreement, or other applicable license agreement, including, 
without limitation, that your use is for the sole purpose of 
programming logic devices manufactured by Altera and sold by 
Altera or its authorized distributors.  Please refer to the 
applicable agreement for further details.



+--------------------------------------------------------------------------------------+
; Flow Summary                                                                         ;
+------------------------------------+-------------------------------------------------+
; Flow Status                        ; Successful - Tue Jun 07 15:37:14 2016           ;
; Quartus II 32-bit Version          ; 13.0.1 Build 232 06/12/2013 SP 1 SJ Web Edition ;
; Revision Name                      ; ee109_media_computer                            ;
; Top-level Entity Name              ; ee109_media_computer                            ;
; Family                             ; Cyclone IV E                                    ;
; Device                             ; EP4CE115F29C7                                   ;
; Timing Models                      ; Final                                           ;
; Total logic elements               ; 31,332 / 114,480 ( 27 % )                       ;
;     Total combinational functions  ; 26,746 / 114,480 ( 23 % )                       ;
;     Dedicated logic registers      ; 20,626 / 114,480 ( 18 % )                       ;
; Total registers                    ; 21147                                           ;
; Total pins                         ; 453 / 529 ( 86 % )                              ;
; Total virtual pins                 ; 0                                               ;
; Total memory bits                  ; 444,549 / 3,981,312 ( 11 % )                    ;
; Embedded Multiplier 9-bit elements ; 87 / 532 ( 16 % )                               ;
; Total PLLs                         ; 3 / 4 ( 75 % )                                  ;
+------------------------------------+-------------------------------------------------+


+------------------------------------------+
; Flow Settings                            ;
+-------------------+----------------------+
; Option            ; Setting              ;
+-------------------+----------------------+
; Start date & time ; 06/07/2016 15:26:20  ;
; Main task         ; Compilation          ;
; Revision Name     ; ee109_media_computer ;
+-------------------+----------------------+


+-------------------------------------------------------------------------------------------------------------------------------------------------------------------------------------------------------------------+
; Flow Non-Default Global Settings                                                                                                                                                                                  ;
+-------------------------------------+---------------------------------------------------------------------------------+---------------+----------------------------------------------------------+----------------+
; Assignment Name                     ; Value                                                                           ; Default Value ; Entity Name                                              ; Section Id     ;
+-------------------------------------+---------------------------------------------------------------------------------+---------------+----------------------------------------------------------+----------------+
; COMPILER_SIGNATURE_ID               ; 116524334583.146533837905200                                                    ; --            ; --                                                       ; --             ;
; IP_TOOL_ENV                         ; Qsys                                                                            ; --            ; altera_avalon_sc_fifo                                    ; --             ;
; IP_TOOL_ENV                         ; Qsys                                                                            ; --            ; altera_customins_master_translator                       ; --             ;
; IP_TOOL_ENV                         ; Qsys                                                                            ; --            ; altera_customins_slave_translator                        ; --             ;
; IP_TOOL_ENV                         ; Qsys                                                                            ; --            ; altera_eth_tse_mac                                       ; --             ;
; IP_TOOL_ENV                         ; Qsys                                                                            ; --            ; altera_merlin_burst_adapter                              ; --             ;
; IP_TOOL_ENV                         ; Qsys                                                                            ; --            ; altera_merlin_master_agent                               ; --             ;
; IP_TOOL_ENV                         ; Qsys                                                                            ; --            ; altera_merlin_master_translator                          ; --             ;
; IP_TOOL_ENV                         ; Qsys                                                                            ; --            ; altera_merlin_slave_agent                                ; --             ;
; IP_TOOL_ENV                         ; Qsys                                                                            ; --            ; altera_merlin_slave_translator                           ; --             ;
; IP_TOOL_ENV                         ; Qsys                                                                            ; --            ; altera_merlin_traffic_limiter                            ; --             ;
; IP_TOOL_ENV                         ; Qsys                                                                            ; --            ; altera_merlin_width_adapter                              ; --             ;
; IP_TOOL_ENV                         ; Qsys                                                                            ; --            ; altera_reset_controller                                  ; --             ;
; IP_TOOL_ENV                         ; Qsys                                                                            ; --            ; fpoint_wrapper                                           ; --             ;
; IP_TOOL_ENV                         ; Qsys                                                                            ; --            ; nios_system                                              ; --             ;
; IP_TOOL_ENV                         ; Qsys                                                                            ; --            ; nios_system_CPU                                          ; --             ;
; IP_TOOL_ENV                         ; Qsys                                                                            ; --            ; nios_system_CPU_custom_instruction_master_multi_xconnect ; --             ;
; IP_TOOL_ENV                         ; Qsys                                                                            ; --            ; nios_system_Interval_Timer                               ; --             ;
; IP_TOOL_ENV                         ; Qsys                                                                            ; --            ; nios_system_JTAG_UART                                    ; --             ;
; IP_TOOL_ENV                         ; Qsys                                                                            ; --            ; nios_system_SDRAM                                        ; --             ;
; IP_TOOL_ENV                         ; Qsys                                                                            ; --            ; nios_system_addr_router                                  ; --             ;
; IP_TOOL_ENV                         ; Qsys                                                                            ; --            ; nios_system_addr_router_001                              ; --             ;
; IP_TOOL_ENV                         ; Qsys                                                                            ; --            ; nios_system_addr_router_002                              ; --             ;
; IP_TOOL_ENV                         ; Qsys                                                                            ; --            ; nios_system_addr_router_006                              ; --             ;
; IP_TOOL_ENV                         ; Qsys                                                                            ; --            ; nios_system_addr_router_008                              ; --             ;
; IP_TOOL_ENV                         ; Qsys                                                                            ; --            ; nios_system_addr_router_012                              ; --             ;
; IP_TOOL_ENV                         ; Qsys                                                                            ; --            ; nios_system_avalon_st_adapter                            ; --             ;
; IP_TOOL_ENV                         ; Qsys                                                                            ; --            ; nios_system_avalon_st_adapter_timing_adapter_0           ; --             ;
; IP_TOOL_ENV                         ; Qsys                                                                            ; --            ; nios_system_cmd_xbar_demux                               ; --             ;
; IP_TOOL_ENV                         ; Qsys                                                                            ; --            ; nios_system_cmd_xbar_demux_001                           ; --             ;
; IP_TOOL_ENV                         ; Qsys                                                                            ; --            ; nios_system_cmd_xbar_demux_002                           ; --             ;
; IP_TOOL_ENV                         ; Qsys                                                                            ; --            ; nios_system_cmd_xbar_demux_008                           ; --             ;
; IP_TOOL_ENV                         ; Qsys                                                                            ; --            ; nios_system_cmd_xbar_demux_012                           ; --             ;
; IP_TOOL_ENV                         ; Qsys                                                                            ; --            ; nios_system_cmd_xbar_mux                                 ; --             ;
; IP_TOOL_ENV                         ; Qsys                                                                            ; --            ; nios_system_cmd_xbar_mux_001                             ; --             ;
; IP_TOOL_ENV                         ; Qsys                                                                            ; --            ; nios_system_cmd_xbar_mux_016                             ; --             ;
; IP_TOOL_ENV                         ; Qsys                                                                            ; --            ; nios_system_cmd_xbar_mux_036                             ; --             ;
; IP_TOOL_ENV                         ; Qsys                                                                            ; --            ; nios_system_descriptor_memory                            ; --             ;
; IP_TOOL_ENV                         ; Qsys                                                                            ; --            ; nios_system_enet                                         ; --             ;
; IP_TOOL_ENV                         ; Qsys                                                                            ; --            ; nios_system_id_router                                    ; --             ;
; IP_TOOL_ENV                         ; Qsys                                                                            ; --            ; nios_system_id_router_001                                ; --             ;
; IP_TOOL_ENV                         ; Qsys                                                                            ; --            ; nios_system_id_router_003                                ; --             ;
; IP_TOOL_ENV                         ; Qsys                                                                            ; --            ; nios_system_id_router_014                                ; --             ;
; IP_TOOL_ENV                         ; Qsys                                                                            ; --            ; nios_system_id_router_016                                ; --             ;
; IP_TOOL_ENV                         ; Qsys                                                                            ; --            ; nios_system_id_router_035                                ; --             ;
; IP_TOOL_ENV                         ; Qsys                                                                            ; --            ; nios_system_id_router_036                                ; --             ;
; IP_TOOL_ENV                         ; Qsys                                                                            ; --            ; nios_system_irq_mapper                                   ; --             ;
; IP_TOOL_ENV                         ; Qsys                                                                            ; --            ; nios_system_packet_memory                                ; --             ;
; IP_TOOL_ENV                         ; Qsys                                                                            ; --            ; nios_system_rsp_xbar_demux                               ; --             ;
; IP_TOOL_ENV                         ; Qsys                                                                            ; --            ; nios_system_rsp_xbar_demux_001                           ; --             ;
; IP_TOOL_ENV                         ; Qsys                                                                            ; --            ; nios_system_rsp_xbar_demux_014                           ; --             ;
; IP_TOOL_ENV                         ; Qsys                                                                            ; --            ; nios_system_rsp_xbar_demux_016                           ; --             ;
; IP_TOOL_ENV                         ; Qsys                                                                            ; --            ; nios_system_rsp_xbar_demux_036                           ; --             ;
; IP_TOOL_ENV                         ; Qsys                                                                            ; --            ; nios_system_rsp_xbar_mux                                 ; --             ;
; IP_TOOL_ENV                         ; Qsys                                                                            ; --            ; nios_system_rsp_xbar_mux_001                             ; --             ;
; IP_TOOL_ENV                         ; Qsys                                                                            ; --            ; nios_system_rsp_xbar_mux_012                             ; --             ;
; IP_TOOL_ENV                         ; Qsys                                                                            ; --            ; nios_system_sgdma_rx                                     ; --             ;
; IP_TOOL_ENV                         ; Qsys                                                                            ; --            ; nios_system_sgdma_tx                                     ; --             ;
; IP_TOOL_ENV                         ; Qsys                                                                            ; --            ; nios_system_sysid                                        ; --             ;
; IP_TOOL_NAME                        ; RAM: 2-PORT                                                                     ; --            ; --                                                       ; --             ;
; IP_TOOL_NAME                        ; ALTPLL                                                                          ; --            ; --                                                       ; --             ;
; IP_TOOL_NAME                        ; ALTDDIO_OUT                                                                     ; --            ; --                                                       ; --             ;
; IP_TOOL_NAME                        ; altera_avalon_sc_fifo                                                           ; --            ; altera_avalon_sc_fifo                                    ; --             ;
; IP_TOOL_NAME                        ; altera_customins_master_translator                                              ; --            ; altera_customins_master_translator                       ; --             ;
; IP_TOOL_NAME                        ; altera_customins_slave_translator                                               ; --            ; altera_customins_slave_translator                        ; --             ;
; IP_TOOL_NAME                        ; altera_eth_tse_mac                                                              ; --            ; altera_eth_tse_mac                                       ; --             ;
; IP_TOOL_NAME                        ; altera_merlin_burst_adapter                                                     ; --            ; altera_merlin_burst_adapter                              ; --             ;
; IP_TOOL_NAME                        ; altera_merlin_master_agent                                                      ; --            ; altera_merlin_master_agent                               ; --             ;
; IP_TOOL_NAME                        ; altera_merlin_master_translator                                                 ; --            ; altera_merlin_master_translator                          ; --             ;
; IP_TOOL_NAME                        ; altera_merlin_slave_agent                                                       ; --            ; altera_merlin_slave_agent                                ; --             ;
; IP_TOOL_NAME                        ; altera_merlin_slave_translator                                                  ; --            ; altera_merlin_slave_translator                           ; --             ;
; IP_TOOL_NAME                        ; altera_merlin_traffic_limiter                                                   ; --            ; altera_merlin_traffic_limiter                            ; --             ;
; IP_TOOL_NAME                        ; altera_merlin_width_adapter                                                     ; --            ; altera_merlin_width_adapter                              ; --             ;
; IP_TOOL_NAME                        ; altera_reset_controller                                                         ; --            ; altera_reset_controller                                  ; --             ;
; IP_TOOL_NAME                        ; altera_nios_custom_instr_floating_point                                         ; --            ; fpoint_wrapper                                           ; --             ;
; IP_TOOL_NAME                        ; Qsys                                                                            ; --            ; nios_system                                              ; --             ;
; IP_TOOL_NAME                        ; altera_nios2_qsys                                                               ; --            ; nios_system_CPU                                          ; --             ;
; IP_TOOL_NAME                        ; altera_customins_xconnect                                                       ; --            ; nios_system_CPU_custom_instruction_master_multi_xconnect ; --             ;
; IP_TOOL_NAME                        ; altera_avalon_timer                                                             ; --            ; nios_system_Interval_Timer                               ; --             ;
; IP_TOOL_NAME                        ; altera_avalon_jtag_uart                                                         ; --            ; nios_system_JTAG_UART                                    ; --             ;
; IP_TOOL_NAME                        ; altera_avalon_new_sdram_controller                                              ; --            ; nios_system_SDRAM                                        ; --             ;
; IP_TOOL_NAME                        ; altera_merlin_router                                                            ; --            ; nios_system_addr_router                                  ; --             ;
; IP_TOOL_NAME                        ; altera_merlin_router                                                            ; --            ; nios_system_addr_router_001                              ; --             ;
; IP_TOOL_NAME                        ; altera_merlin_router                                                            ; --            ; nios_system_addr_router_002                              ; --             ;
; IP_TOOL_NAME                        ; altera_merlin_router                                                            ; --            ; nios_system_addr_router_006                              ; --             ;
; IP_TOOL_NAME                        ; altera_merlin_router                                                            ; --            ; nios_system_addr_router_008                              ; --             ;
; IP_TOOL_NAME                        ; altera_merlin_router                                                            ; --            ; nios_system_addr_router_012                              ; --             ;
; IP_TOOL_NAME                        ; altera_avalon_st_adapter                                                        ; --            ; nios_system_avalon_st_adapter                            ; --             ;
; IP_TOOL_NAME                        ; timing_adapter                                                                  ; --            ; nios_system_avalon_st_adapter_timing_adapter_0           ; --             ;
; IP_TOOL_NAME                        ; altera_merlin_demultiplexer                                                     ; --            ; nios_system_cmd_xbar_demux                               ; --             ;
; IP_TOOL_NAME                        ; altera_merlin_demultiplexer                                                     ; --            ; nios_system_cmd_xbar_demux_001                           ; --             ;
; IP_TOOL_NAME                        ; altera_merlin_demultiplexer                                                     ; --            ; nios_system_cmd_xbar_demux_002                           ; --             ;
; IP_TOOL_NAME                        ; altera_merlin_demultiplexer                                                     ; --            ; nios_system_cmd_xbar_demux_008                           ; --             ;
; IP_TOOL_NAME                        ; altera_merlin_demultiplexer                                                     ; --            ; nios_system_cmd_xbar_demux_012                           ; --             ;
; IP_TOOL_NAME                        ; altera_merlin_multiplexer                                                       ; --            ; nios_system_cmd_xbar_mux                                 ; --             ;
; IP_TOOL_NAME                        ; altera_merlin_multiplexer                                                       ; --            ; nios_system_cmd_xbar_mux_001                             ; --             ;
; IP_TOOL_NAME                        ; altera_merlin_multiplexer                                                       ; --            ; nios_system_cmd_xbar_mux_016                             ; --             ;
; IP_TOOL_NAME                        ; altera_merlin_multiplexer                                                       ; --            ; nios_system_cmd_xbar_mux_036                             ; --             ;
; IP_TOOL_NAME                        ; altera_avalon_onchip_memory2                                                    ; --            ; nios_system_descriptor_memory                            ; --             ;
; IP_TOOL_NAME                        ; altera_eth_tse                                                                  ; --            ; nios_system_enet                                         ; --             ;
; IP_TOOL_NAME                        ; altera_merlin_router                                                            ; --            ; nios_system_id_router                                    ; --             ;
; IP_TOOL_NAME                        ; altera_merlin_router                                                            ; --            ; nios_system_id_router_001                                ; --             ;
; IP_TOOL_NAME                        ; altera_merlin_router                                                            ; --            ; nios_system_id_router_003                                ; --             ;
; IP_TOOL_NAME                        ; altera_merlin_router                                                            ; --            ; nios_system_id_router_014                                ; --             ;
; IP_TOOL_NAME                        ; altera_merlin_router                                                            ; --            ; nios_system_id_router_016                                ; --             ;
; IP_TOOL_NAME                        ; altera_merlin_router                                                            ; --            ; nios_system_id_router_035                                ; --             ;
; IP_TOOL_NAME                        ; altera_merlin_router                                                            ; --            ; nios_system_id_router_036                                ; --             ;
; IP_TOOL_NAME                        ; altera_irq_mapper                                                               ; --            ; nios_system_irq_mapper                                   ; --             ;
; IP_TOOL_NAME                        ; altera_avalon_onchip_memory2                                                    ; --            ; nios_system_packet_memory                                ; --             ;
; IP_TOOL_NAME                        ; altera_merlin_demultiplexer                                                     ; --            ; nios_system_rsp_xbar_demux                               ; --             ;
; IP_TOOL_NAME                        ; altera_merlin_demultiplexer                                                     ; --            ; nios_system_rsp_xbar_demux_001                           ; --             ;
; IP_TOOL_NAME                        ; altera_merlin_demultiplexer                                                     ; --            ; nios_system_rsp_xbar_demux_014                           ; --             ;
; IP_TOOL_NAME                        ; altera_merlin_demultiplexer                                                     ; --            ; nios_system_rsp_xbar_demux_016                           ; --             ;
; IP_TOOL_NAME                        ; altera_merlin_demultiplexer                                                     ; --            ; nios_system_rsp_xbar_demux_036                           ; --             ;
; IP_TOOL_NAME                        ; altera_merlin_multiplexer                                                       ; --            ; nios_system_rsp_xbar_mux                                 ; --             ;
; IP_TOOL_NAME                        ; altera_merlin_multiplexer                                                       ; --            ; nios_system_rsp_xbar_mux_001                             ; --             ;
; IP_TOOL_NAME                        ; altera_merlin_multiplexer                                                       ; --            ; nios_system_rsp_xbar_mux_012                             ; --             ;
; IP_TOOL_NAME                        ; altera_avalon_sgdma                                                             ; --            ; nios_system_sgdma_rx                                     ; --             ;
; IP_TOOL_NAME                        ; altera_avalon_sgdma                                                             ; --            ; nios_system_sgdma_tx                                     ; --             ;
; IP_TOOL_NAME                        ; altera_avalon_sysid_qsys                                                        ; --            ; nios_system_sysid                                        ; --             ;
; IP_TOOL_VERSION                     ; 8.0                                                                             ; --            ; --                                                       ; --             ;
; IP_TOOL_VERSION                     ; 13.0                                                                            ; --            ; --                                                       ; --             ;
; IP_TOOL_VERSION                     ; 13.0                                                                            ; --            ; --                                                       ; --             ;
; IP_TOOL_VERSION                     ; 13.0                                                                            ; --            ; altera_avalon_sc_fifo                                    ; --             ;
; IP_TOOL_VERSION                     ; 13.0                                                                            ; --            ; altera_customins_master_translator                       ; --             ;
; IP_TOOL_VERSION                     ; 13.0                                                                            ; --            ; altera_customins_slave_translator                        ; --             ;
; IP_TOOL_VERSION                     ; 13.0                                                                            ; --            ; altera_eth_tse_mac                                       ; --             ;
; IP_TOOL_VERSION                     ; 13.0                                                                            ; --            ; altera_merlin_burst_adapter                              ; --             ;
; IP_TOOL_VERSION                     ; 13.0                                                                            ; --            ; altera_merlin_master_agent                               ; --             ;
; IP_TOOL_VERSION                     ; 13.0                                                                            ; --            ; altera_merlin_master_translator                          ; --             ;
; IP_TOOL_VERSION                     ; 13.0                                                                            ; --            ; altera_merlin_slave_agent                                ; --             ;
; IP_TOOL_VERSION                     ; 13.0                                                                            ; --            ; altera_merlin_slave_translator                           ; --             ;
; IP_TOOL_VERSION                     ; 13.0                                                                            ; --            ; altera_merlin_traffic_limiter                            ; --             ;
; IP_TOOL_VERSION                     ; 13.0                                                                            ; --            ; altera_merlin_width_adapter                              ; --             ;
; IP_TOOL_VERSION                     ; 13.0                                                                            ; --            ; altera_reset_controller                                  ; --             ;
; IP_TOOL_VERSION                     ; 13.0                                                                            ; --            ; fpoint_wrapper                                           ; --             ;
; IP_TOOL_VERSION                     ; 13.0sp1                                                                         ; --            ; nios_system                                              ; --             ;
; IP_TOOL_VERSION                     ; 13.0                                                                            ; --            ; nios_system_CPU                                          ; --             ;
; IP_TOOL_VERSION                     ; 13.0                                                                            ; --            ; nios_system_CPU_custom_instruction_master_multi_xconnect ; --             ;
; IP_TOOL_VERSION                     ; 13.0.1.99.2                                                                     ; --            ; nios_system_Interval_Timer                               ; --             ;
; IP_TOOL_VERSION                     ; 13.0.1.99.2                                                                     ; --            ; nios_system_JTAG_UART                                    ; --             ;
; IP_TOOL_VERSION                     ; 13.0.1.99.2                                                                     ; --            ; nios_system_SDRAM                                        ; --             ;
; IP_TOOL_VERSION                     ; 13.0                                                                            ; --            ; nios_system_addr_router                                  ; --             ;
; IP_TOOL_VERSION                     ; 13.0                                                                            ; --            ; nios_system_addr_router_001                              ; --             ;
; IP_TOOL_VERSION                     ; 13.0                                                                            ; --            ; nios_system_addr_router_002                              ; --             ;
; IP_TOOL_VERSION                     ; 13.0                                                                            ; --            ; nios_system_addr_router_006                              ; --             ;
; IP_TOOL_VERSION                     ; 13.0                                                                            ; --            ; nios_system_addr_router_008                              ; --             ;
; IP_TOOL_VERSION                     ; 13.0                                                                            ; --            ; nios_system_addr_router_012                              ; --             ;
; IP_TOOL_VERSION                     ; 13.0                                                                            ; --            ; nios_system_avalon_st_adapter                            ; --             ;
; IP_TOOL_VERSION                     ; 13.0                                                                            ; --            ; nios_system_avalon_st_adapter_timing_adapter_0           ; --             ;
; IP_TOOL_VERSION                     ; 13.0                                                                            ; --            ; nios_system_cmd_xbar_demux                               ; --             ;
; IP_TOOL_VERSION                     ; 13.0                                                                            ; --            ; nios_system_cmd_xbar_demux_001                           ; --             ;
; IP_TOOL_VERSION                     ; 13.0                                                                            ; --            ; nios_system_cmd_xbar_demux_002                           ; --             ;
; IP_TOOL_VERSION                     ; 13.0                                                                            ; --            ; nios_system_cmd_xbar_demux_008                           ; --             ;
; IP_TOOL_VERSION                     ; 13.0                                                                            ; --            ; nios_system_cmd_xbar_demux_012                           ; --             ;
; IP_TOOL_VERSION                     ; 13.0                                                                            ; --            ; nios_system_cmd_xbar_mux                                 ; --             ;
; IP_TOOL_VERSION                     ; 13.0                                                                            ; --            ; nios_system_cmd_xbar_mux_001                             ; --             ;
; IP_TOOL_VERSION                     ; 13.0                                                                            ; --            ; nios_system_cmd_xbar_mux_016                             ; --             ;
; IP_TOOL_VERSION                     ; 13.0                                                                            ; --            ; nios_system_cmd_xbar_mux_036                             ; --             ;
; IP_TOOL_VERSION                     ; 13.0.1.99.2                                                                     ; --            ; nios_system_descriptor_memory                            ; --             ;
; IP_TOOL_VERSION                     ; 13.0                                                                            ; --            ; nios_system_enet                                         ; --             ;
; IP_TOOL_VERSION                     ; 13.0                                                                            ; --            ; nios_system_id_router                                    ; --             ;
; IP_TOOL_VERSION                     ; 13.0                                                                            ; --            ; nios_system_id_router_001                                ; --             ;
; IP_TOOL_VERSION                     ; 13.0                                                                            ; --            ; nios_system_id_router_003                                ; --             ;
; IP_TOOL_VERSION                     ; 13.0                                                                            ; --            ; nios_system_id_router_014                                ; --             ;
; IP_TOOL_VERSION                     ; 13.0                                                                            ; --            ; nios_system_id_router_016                                ; --             ;
; IP_TOOL_VERSION                     ; 13.0                                                                            ; --            ; nios_system_id_router_035                                ; --             ;
; IP_TOOL_VERSION                     ; 13.0                                                                            ; --            ; nios_system_id_router_036                                ; --             ;
; IP_TOOL_VERSION                     ; 13.0                                                                            ; --            ; nios_system_irq_mapper                                   ; --             ;
; IP_TOOL_VERSION                     ; 13.0.1.99.2                                                                     ; --            ; nios_system_packet_memory                                ; --             ;
; IP_TOOL_VERSION                     ; 13.0                                                                            ; --            ; nios_system_rsp_xbar_demux                               ; --             ;
; IP_TOOL_VERSION                     ; 13.0                                                                            ; --            ; nios_system_rsp_xbar_demux_001                           ; --             ;
; IP_TOOL_VERSION                     ; 13.0                                                                            ; --            ; nios_system_rsp_xbar_demux_014                           ; --             ;
; IP_TOOL_VERSION                     ; 13.0                                                                            ; --            ; nios_system_rsp_xbar_demux_016                           ; --             ;
; IP_TOOL_VERSION                     ; 13.0                                                                            ; --            ; nios_system_rsp_xbar_demux_036                           ; --             ;
; IP_TOOL_VERSION                     ; 13.0                                                                            ; --            ; nios_system_rsp_xbar_mux                                 ; --             ;
; IP_TOOL_VERSION                     ; 13.0                                                                            ; --            ; nios_system_rsp_xbar_mux_001                             ; --             ;
; IP_TOOL_VERSION                     ; 13.0                                                                            ; --            ; nios_system_rsp_xbar_mux_012                             ; --             ;
; IP_TOOL_VERSION                     ; 13.0.1.99.2                                                                     ; --            ; nios_system_sgdma_rx                                     ; --             ;
; IP_TOOL_VERSION                     ; 13.0.1.99.2                                                                     ; --            ; nios_system_sgdma_tx                                     ; --             ;
; IP_TOOL_VERSION                     ; 13.0                                                                            ; --            ; nios_system_sysid                                        ; --             ;
; MAX_CORE_JUNCTION_TEMP              ; 85                                                                              ; --            ; --                                                       ; --             ;
; MIN_CORE_JUNCTION_TEMP              ; 0                                                                               ; --            ; --                                                       ; --             ;
; MISC_FILE                           ; nios_system/nios_system/synthesis/../../nios_system.cmp                         ; --            ; --                                                       ; --             ;
; MISC_FILE                           ; nios_system/nios_system/synthesis/../../nios_system.qsys                        ; --            ; --                                                       ; --             ;
; MISC_FILE                           ; nios_system/nios_system/synthesis/submodules/Altera_UP_SD_Card_Memory_Block.bsf ; --            ; --                                                       ; --             ;
; MISC_FILE                           ; nios_system/nios_system/synthesis/submodules/Altera_UP_SD_Card_Memory_Block.cmp ; --            ; --                                                       ; --             ;
; MISC_FILE                           ; enet_subsystem/enet_pll.ppf                                                     ; --            ; --                                                       ; --             ;
; MISC_FILE                           ; enet_subsystem/enet_ddio_out.ppf                                                ; --            ; --                                                       ; --             ;
; PARTITION_COLOR                     ; 16764057                                                                        ; --            ; --                                                       ; Top            ;
; PARTITION_FITTER_PRESERVATION_LEVEL ; PLACEMENT_AND_ROUTING                                                           ; --            ; --                                                       ; Top            ;
; PARTITION_NETLIST_TYPE              ; SOURCE                                                                          ; --            ; --                                                       ; Top            ;
; POWER_BOARD_THERMAL_MODEL           ; None (CONSERVATIVE)                                                             ; --            ; --                                                       ; --             ;
; POWER_PRESET_COOLING_SOLUTION       ; 23 MM HEAT SINK WITH 200 LFPM AIRFLOW                                           ; --            ; --                                                       ; --             ;
; SLD_INFO                            ; QSYS_NAME nios_system HAS_SOPCINFO 1 GENERATION_ID 1465338206                   ; --            ; nios_system                                              ; --             ;
; SOPCINFO_FILE                       ; nios_system/nios_system/synthesis/../../nios_system.sopcinfo                    ; --            ; --                                                       ; --             ;
; SYNTHESIS_ONLY_QIP                  ; On                                                                              ; --            ; --                                                       ; --             ;
; USE_GENERATED_PHYSICAL_CONSTRAINTS  ; Off                                                                             ; --            ; --                                                       ; eda_blast_fpga ;
+-------------------------------------+---------------------------------------------------------------------------------+---------------+----------------------------------------------------------+----------------+


+-------------------------------------------------------------------------------------------------------------------------------+
; Flow Elapsed Time                                                                                                             ;
+---------------------------+--------------+-------------------------+---------------------+------------------------------------+
; Module Name               ; Elapsed Time ; Average Processors Used ; Peak Virtual Memory ; Total CPU Time (on all processors) ;
+---------------------------+--------------+-------------------------+---------------------+------------------------------------+
; Analysis & Synthesis      ; 00:05:04     ; 1.0                     ; 901 MB              ; 00:04:52                           ;
; Fitter                    ; 00:04:53     ; 1.0                     ; 1060 MB             ; 00:04:47                           ;
; Assembler                 ; 00:00:13     ; 1.0                     ; 426 MB              ; 00:00:12                           ;
; TimeQuest Timing Analyzer ; 00:00:34     ; 1.0                     ; 765 MB              ; 00:00:33                           ;
; Total                     ; 00:10:44     ; --                      ; --                  ; 00:10:24                           ;
+---------------------------+--------------+-------------------------+---------------------+------------------------------------+


+----------------------------------------------------------------------------------------+
; Flow OS Summary                                                                        ;
+---------------------------+------------------+-----------+------------+----------------+
; Module Name               ; Machine Hostname ; OS Name   ; OS Version ; Processor type ;
+---------------------------+------------------+-----------+------------+----------------+
; Analysis & Synthesis      ; RM128-6          ; Windows 7 ; 6.1        ; i686           ;
; Fitter                    ; RM128-6          ; Windows 7 ; 6.1        ; i686           ;
; Assembler                 ; RM128-6          ; Windows 7 ; 6.1        ; i686           ;
; TimeQuest Timing Analyzer ; RM128-6          ; Windows 7 ; 6.1        ; i686           ;
+---------------------------+------------------+-----------+------------+----------------+


------------
; Flow Log ;
------------
quartus_map --read_settings_files=on --write_settings_files=off ee109_media_computer -c ee109_media_computer
quartus_fit --read_settings_files=off --write_settings_files=off ee109_media_computer -c ee109_media_computer
quartus_asm --read_settings_files=off --write_settings_files=off ee109_media_computer -c ee109_media_computer
quartus_sta ee109_media_computer -c ee109_media_computer



